<?xml version="1.0" encoding="UTF-8"?>
<!-- Generated by org.testng.reporters.JUnitReportReporter -->
<testsuite hostname="LAPTOP-2CDFN5B5" failures="0" tests="1" name="Altoro_Test.TC006_AltoroContactUsandOnlineForm" time="16.561" errors="0" timestamp="2022-11-15T12:03:55 IST" skipped="0">
  <testcase classname="Altoro_Test.TC006_AltoroContactUsandOnlineForm" name="onlineformandcontactus" time="16.561"/>
  <system-out/>
</testsuite> <!-- Altoro_Test.TC006_AltoroContactUsandOnlineForm -->
