<?xml version="1.0" encoding="UTF-8"?>
<!-- Generated by org.testng.reporters.JUnitReportReporter -->
<testsuite hostname="LAPTOP-2CDFN5B5" failures="0" tests="1" name="Altoro_Test.TC005_Altoro_ViewRecentTransactions" time="9.028" errors="0" timestamp="2022-11-09T20:47:03 IST" skipped="0">
  <testcase classname="Altoro_Test.TC005_Altoro_ViewRecentTransactions" name="recenttransactions" time="9.028"/>
  <system-out/>
</testsuite> <!-- Altoro_Test.TC005_Altoro_ViewRecentTransactions -->
