<?xml version="1.0" encoding="UTF-8"?>
<!-- Generated by org.testng.reporters.JUnitReportReporter -->
<testsuite hostname="LAPTOP-2CDFN5B5" failures="0" tests="1" name="Altoro_Test.TC005_Altoro_ViewRecentTransactions" time="13.152" errors="0" timestamp="2022-11-15T15:02:26 IST" skipped="0">
  <testcase classname="Altoro_Test.TC005_Altoro_ViewRecentTransactions" name="recenttransactions" time="13.152"/>
  <system-out/>
</testsuite> <!-- Altoro_Test.TC005_Altoro_ViewRecentTransactions -->
