<?xml version="1.0" encoding="UTF-8"?>
<!-- Generated by org.testng.reporters.JUnitReportReporter -->
<testsuite hostname="LAPTOP-2CDFN5B5" failures="0" tests="1" name="Altoro_Test.TC001_Altoro_Singin" time="5.284" errors="0" timestamp="2022-11-09T17:03:19 IST" skipped="0">
  <testcase classname="Altoro_Test.TC001_Altoro_Singin" name="Sing_Altoro_Invalid" time="5.284"/>
  <system-out/>
</testsuite> <!-- Altoro_Test.TC001_Altoro_Singin -->
