<?xml version="1.0" encoding="UTF-8"?>
<!-- Generated by org.testng.reporters.JUnitReportReporter -->
<testsuite hostname="LAPTOP-2CDFN5B5" failures="0" tests="1" name="Altoro_Test.TC003_Altoro_viewMyAccSummary" time="7.951" errors="0" timestamp="2022-11-15T13:07:10 IST" skipped="0">
  <testcase classname="Altoro_Test.TC003_Altoro_viewMyAccSummary" name="ValidateMyAccSummary" time="7.951"/>
  <system-out/>
</testsuite> <!-- Altoro_Test.TC003_Altoro_viewMyAccSummary -->
