<?xml version="1.0" encoding="UTF-8"?>
<!-- Generated by org.testng.reporters.JUnitReportReporter -->
<testsuite hostname="LAPTOP-2CDFN5B5" failures="0" tests="1" name="Altoro_Test.TC002_Altoro_SinginvalidCredentials" time="7.131" errors="0" timestamp="2022-11-09T17:18:54 IST" skipped="0">
  <testcase classname="Altoro_Test.TC002_Altoro_SinginvalidCredentials" name="Sing_Altoro_Invalid" time="7.131"/>
  <system-out/>
</testsuite> <!-- Altoro_Test.TC002_Altoro_SinginvalidCredentials -->
