<?xml version="1.0" encoding="UTF-8"?>
<!-- Generated by org.testng.reporters.JUnitReportReporter -->
<testsuite hostname="LAPTOP-2CDFN5B5" failures="0" tests="1" name="Altoro_Test.TC002_SinginWithValidCredentials" time="6.796" errors="0" timestamp="2022-11-09T22:21:17 IST" skipped="0">
  <testcase classname="Altoro_Test.TC002_SinginWithValidCredentials" name="Singin_Altoro_ValidCredential" time="6.796"/>
  <system-out/>
</testsuite> <!-- Altoro_Test.TC002_SinginWithValidCredentials -->
